android/app/build - Copy/outputs/logs/manifest-merger-release-report.txt
-- Merging decision tree log ---
manifest
ADDED from src\main\AndroidManifest.xml:1:1-43:12
	package
		ADDED from src\main\AndroidManifest.xml:2:5-24
		INJECTED from src\main\AndroidManifest.xml
		INJECTED from src\main\AndroidManifest.xml
	tools:node
		ADDED from src\main\AndroidManifest.xml:4:1-21
	android:versionName
		INJECTED from src\main\AndroidManifest.xml
		INJECTED from src\main\AndroidManifest.xml
	xmlns:tools
		ADDED from src\main\AndroidManifest.xml:3:5-51
	xmlns:android
		ADDED from src\main\AndroidManifest.xml:1:11-69
	android:versionCode
		INJECTED from src\main\AndroidManifest.xml
		INJECTED from src\main\AndroidManifest.xml
uses-permission#android.permission.INTERNET
ADDED from src\main\AndroidManifest.xml:6:5-67
MERGED from [com.instabug.library:instabug-core:4.15.3] AndroidManifest.xml:15:5-67
MERGED from [net.gotev:uploadservice:3.2.3] AndroidManifest.xml:11:5-67
MERGED from [com.google.android.gms:play-services-gcm:15.0.1] AndroidManifest.xml:24:5-67
MERGED from [com.google.android.gms:play-services-iid:15.0.1] AndroidManifest.xml:24:5-67
MERGED from [com.bugsnag:bugsnag-android:4.5.0] AndroidManifest.xml:10:5-67
	android:name
		ADDED from src\main\AndroidManifest.xml:6:22-64
uses-permission#android.permission.SYSTEM_ALERT_WINDOW
ADDED from src\main\AndroidManifest.xml:7:5-77
MERGED from [com.facebook.react:react-native:0.55.3] AndroidManifest.xml:11:5-78
	android:name
		ADDED from src\main\AndroidManifest.xml:7:22-75
uses-permission#android.permission.CAMERA
ADDED from src\main\AndroidManifest.xml:8:5-65
	android:name
		ADDED from src\main\AndroidManifest.xml:8:22-62
uses-permission#android.permission.ACCESS_NETWORK_STATE
ADDED from src\main\AndroidManifest.xml:9:5-79
MERGED from [com.instabug.library:instabug-core:4.15.3] AndroidManifest.xml:9:5-79
MERGED from [com.bugsnag:bugsnag-android:4.5.0] AndroidManifest.xml:11:5-79
	android:name
		ADDED from src\main\AndroidManifest.xml:9:22-76
uses-permission#android.permission.WRITE_EXTERNAL_STORAGE
ADDED from src\main\AndroidManifest.xml:10:5-80
MERGED from [com.instabug.library:instabug-bug:4.15.3] AndroidManifest.xml:11:5-81
MERGED from [com.instabug.library:instabug-core:4.15.3] AndroidManifest.xml:10:5-81
MERGED from [haccp:react-native-fs:unspecified] AndroidManifest.xml:11:5-81
MERGED from [net.gotev:uploadservice:3.2.3] AndroidManifest.xml:13:5-81
	android:name
		ADDED from src\main\AndroidManifest.xml:10:22-78
uses-permission#android.permission.READ_EXTERNAL_STORAGE
ADDED from src\main\AndroidManifest.xml:11:5-80
MERGED from [com.instabug.library:instabug-bug:4.15.3] AndroidManifest.xml:12:5-80
MERGED from [com.instabug.library:instabug-core:4.15.3] AndroidManifest.xml:11:5-80
MERGED from [net.gotev:uploadservice:3.2.3] AndroidManifest.xml:12:5-80
	android:name
		ADDED from src\main\AndroidManifest.xml:11:22-77
uses-permission#android.permission.WRITE_INTERNAL_STORAGE
ADDED from src\main\AndroidManifest.xml:12:5-81
	android:name
		ADDED from src\main\AndroidManifest.xml:12:22-78
uses-permission#android.permission.READ_INTERNAL_STORAGE
ADDED from src\main\AndroidManifest.xml:13:5-80
	android:name
		ADDED from src\main\AndroidManifest.xml:13:22-77
application
ADDED from src\main\AndroidManifest.xml:15:5-41:19
MERGED from [com.instabug.library:instabug:4.15.3] AndroidManifest.xml:10:5-11:19
MERGED from [com.instabug.library:instabug-survey:4.15.3] AndroidManifest.xml:11:5-21:19
MERGED from [com.instabug.library:instabug-crash:4.15.3] AndroidManifest.xml:11:5-15:19
MERGED from [com.instabug.library:instabug-chat:4.15.3] AndroidManifest.xml:11:5-24:19
MERGED from [com.instabug.library:instabug-bug:4.15.3] AndroidManifest.xml:14:5-37:19
MERGED from [com.instabug.library:instabug-features-request:4.15.3] AndroidManifest.xml:11:5-24:19
MERGED from [com.instabug.library:instabug-core:4.15.3] AndroidManifest.xml:18:5-42:19
MERGED from [haccp:realm:unspecified] AndroidManifest.xml:9:5-20
MERGED from [haccp:react-native-image-picker:unspecified] AndroidManifest.xml:11:5-21:19
MERGED from [net.gotev:uploadservice-okhttp:3.2.3] AndroidManifest.xml:11:5-12:19
MERGED from [net.gotev:uploadservice:3.2.3] AndroidManifest.xml:16:5-22:19
MERGED from [haccp:react-native-device-info:unspecified] AndroidManifest.xml:11:5-20:19
MERGED from [com.google.android.gms:play-services-gcm:15.0.1] AndroidManifest.xml:26:5-20
MERGED from [com.google.android.gms:play-services-iid:15.0.1] AndroidManifest.xml:26:5-20
MERGED from [com.google.android.gms:play-services-base:15.0.1] AndroidManifest.xml:22:5-27:19
MERGED from [com.google.android.gms:play-services-tasks:15.0.1] AndroidManifest.xml:7:5-20
MERGED from [com.google.android.gms:play-services-stats:15.0.1] AndroidManifest.xml:7:5-20
MERGED from [com.google.android.gms:play-services-basement:15.0.1] AndroidManifest.xml:22:5-26:19
MERGED from [haccp:react-native-fetch-blob:unspecified] AndroidManifest.xml:11:5-12:19
MERGED from [haccp:react-native-background-job:unspecified] AndroidManifest.xml:14:5-25:19
MERGED from [com.firebase:firebase-jobdispatcher:0.7.0] AndroidManifest.xml:26:5-40:19
MERGED from [haccp:react-native-background-fetch:unspecified] AndroidManifest.xml:11:5-24:19
MERGED from [com.facebook.react:react-native:0.55.3] AndroidManifest.xml:13:5-20
MERGED from [com.facebook.soloader:soloader:0.1.0] AndroidManifest.xml:3:3-17
MERGED from [org.webkit:android-jsc:r174650] AndroidManifest.xml:2:3-17
MERGED from [com.transistorsoft:tsbackgroundfetch:0.2.0] AndroidManifest.xml:14:5-28:19
	android:label
		ADDED from src\main\AndroidManifest.xml:17:7-39
	android:allowBackup
		ADDED from src\main\AndroidManifest.xml:19:7-34
	android:icon
		ADDED from src\main\AndroidManifest.xml:18:7-41
	android:theme
		ADDED from src\main\AndroidManifest.xml:20:7-38
	android:name
		ADDED from src\main\AndroidManifest.xml:16:7-38
activity#com.haccp.MainActivity
ADDED from src\main\AndroidManifest.xml:22:7-32:18
	android:label
		ADDED from src\main\AndroidManifest.xml:24:9-41
	android:windowSoftInputMode
		ADDED from src\main\AndroidManifest.xml:26:9-51
	android:configChanges
		ADDED from src\main\AndroidManifest.xml:25:9-79
	android:name
		ADDED from src\main\AndroidManifest.xml:23:9-37
intent-filter#android.intent.action.DOWNLOAD_COMPLETE+android.intent.action.MAIN+android.intent.category.LAUNCHER
ADDED from src\main\AndroidManifest.xml:27:9-31:25
action#android.intent.action.MAIN
ADDED from src\main\AndroidManifest.xml:28:13-65
	android:name
		ADDED from src\main\AndroidManifest.xml:28:21-62
category#android.intent.category.LAUNCHER
ADDED from src\main\AndroidManifest.xml:29:13-73
	android:name
		ADDED from src\main\AndroidManifest.xml:29:23-70
action#android.intent.action.DOWNLOAD_COMPLETE
ADDED from src\main\AndroidManifest.xml:30:13-77
	android:name
		ADDED from src\main\AndroidManifest.xml:30:21-75
activity#com.facebook.react.devsupport.DevSettingsActivity
ADDED from src\main\AndroidManifest.xml:33:7-84
	android:name
		ADDED from src\main\AndroidManifest.xml:33:17-81
meta-data#com.bugsnag.android.API_KEY
ADDED from src\main\AndroidManifest.xml:34:7-111
	android:value
		ADDED from src\main\AndroidManifest.xml:34:61-109
	android:name
		ADDED from src\main\AndroidManifest.xml:34:18-60
meta-data#android.support.VERSION
ADDED from src\main\AndroidManifest.xml:36:7-40:3
	tools:node
		ADDED from src\main\AndroidManifest.xml:37:3-23
	android:value
		ADDED from src\main\AndroidManifest.xml:39:3-25
	android:name
		ADDED from src\main\AndroidManifest.xml:38:3-41
uses-sdk
INJECTED from src\main\AndroidManifest.xml reason: use-sdk injection requested
MERGED from [com.android.support:multidex:1.0.1] AndroidManifest.xml:18:5-42
MERGED from [haccp:instabug-reactnative:unspecified] AndroidManifest.xml:7:5-9:41
MERGED from [com.instabug.library:instabug:4.15.3] AndroidManifest.xml:6:5-8:41
MERGED from [com.instabug.library:instabug-survey:4.15.3] AndroidManifest.xml:7:5-9:41
MERGED from [com.instabug.library:instabug-crash:4.15.3] AndroidManifest.xml:7:5-9:41
MERGED from [com.instabug.library:instabug-chat:4.15.3] AndroidManifest.xml:7:5-9:41
MERGED from [com.instabug.library:instabug-bug:4.15.3] AndroidManifest.xml:7:5-9:41
MERGED from [com.instabug.library:instabug-features-request:4.15.3] AndroidManifest.xml:7:5-9:41
MERGED from [com.instabug.library:instabug-core:4.15.3] AndroidManifest.xml:5:5-7:41
MERGED from [io.reactivex.rxjava2:rxandroid:2.0.2] AndroidManifest.xml:19:5-43
MERGED from [com.android.support:design:27.1.0] AndroidManifest.xml:20:5-44
MERGED from [com.android.support:recyclerview-v7:27.1.0] AndroidManifest.xml:20:5-44
MERGED from [com.android.support:transition:27.1.0] AndroidManifest.xml:20:5-44
MERGED from [haccp:realm:unspecified] AndroidManifest.xml:5:5-7:41
MERGED from [haccp:react-native-image-picker:unspecified] AndroidManifest.xml:7:5-9:41
MERGED from [haccp:reactnativesignaturecapture:unspecified] AndroidManifest.xml:7:5-9:41
MERGED from [haccp:react-native-fs:unspecified] AndroidManifest.xml:7:5-9:41
MERGED from [haccp:react-native-background-upload:unspecified] AndroidManifest.xml:7:5-9:41
MERGED from [net.gotev:uploadservice-okhttp:3.2.3] AndroidManifest.xml:7:5-9:41
MERGED from [net.gotev:uploadservice:3.2.3] AndroidManifest.xml:7:5-9:41
MERGED from [haccp:react-native-device-info:unspecified] AndroidManifest.xml:7:5-9:41
MERGED from [com.google.android.gms:play-services-gcm:15.0.1] AndroidManifest.xml:20:5-44
MERGED from [com.google.android.gms:play-services-iid:15.0.1] AndroidManifest.xml:20:5-44
MERGED from [com.google.android.gms:play-services-base:15.0.1] AndroidManifest.xml:20:5-44
MERGED from [com.google.android.gms:play-services-tasks:15.0.1] AndroidManifest.xml:5:5-44
MERGED from [com.google.android.gms:play-services-stats:15.0.1] AndroidManifest.xml:5:5-44
MERGED from [com.google.android.gms:play-services-basement:15.0.1] AndroidManifest.xml:20:5-44
MERGED from [haccp:react-native-upload-file:unspecified] AndroidManifest.xml:7:5-9:41
MERGED from [haccp:react-native-fetch-blob:unspecified] AndroidManifest.xml:7:5-9:41
MERGED from [haccp:react-native-zip-archive:unspecified] AndroidManifest.xml:7:5-9:41
MERGED from [haccp:react-native-restart-android:unspecified] AndroidManifest.xml:7:5-9:41
MERGED from [haccp:bugsnag-react-native:unspecified] AndroidManifest.xml:7:5-9:41
MERGED from [com.bugsnag:bugsnag-android:4.5.0] AndroidManifest.xml:7:5-44
MERGED from [haccp:react-native-background-job:unspecified] AndroidManifest.xml:7:5-9:41
MERGED from [com.firebase:firebase-jobdispatcher:0.7.0] AndroidManifest.xml:22:5-24:41
MERGED from [com.android.support:support-v4:27.1.0] AndroidManifest.xml:20:5-44
MERGED from [com.android.support:support-media-compat:27.1.0] AndroidManifest.xml:20:5-44
MERGED from [haccp:react-native-background-fetch:unspecified] AndroidManifest.xml:7:5-9:41
MERGED from [com.facebook.react:react-native:0.55.3] AndroidManifest.xml:7:5-9:41
MERGED from [com.android.support:appcompat-v7:27.1.0] AndroidManifest.xml:20:5-44
MERGED from [com.android.support:support-fragment:27.1.0] AndroidManifest.xml:20:5-44
MERGED from [android.arch.lifecycle:livedata-core:1.1.0] AndroidManifest.xml:20:5-44
MERGED from [android.arch.core:runtime:1.1.0] AndroidManifest.xml:20:5-44
MERGED from [android.arch.lifecycle:viewmodel:1.1.0] AndroidManifest.xml:20:5-44
MERGED from [com.android.support:animated-vector-drawable:27.1.0] AndroidManifest.xml:20:5-44
MERGED from [com.android.support:support-vector-drawable:27.1.0] AndroidManifest.xml:20:5-44
MERGED from [com.android.support:support-core-ui:27.1.0] AndroidManifest.xml:20:5-44
MERGED from [com.android.support:support-core-utils:27.1.0] AndroidManifest.xml:20:5-44
MERGED from [com.android.support:support-compat:27.1.0] AndroidManifest.xml:20:5-44
MERGED from [android.arch.lifecycle:runtime:1.1.0] AndroidManifest.xml:20:5-44
MERGED from [com.facebook.fbui.textlayoutbuilder:textlayoutbuilder:1.0.0] AndroidManifest.xml:14:5-16:41
MERGED from [com.facebook.fresco:fresco:1.3.0] AndroidManifest.xml:5:5-7:41
MERGED from [com.facebook.fresco:drawee:1.3.0] AndroidManifest.xml:5:5-7:41
MERGED from [com.facebook.fresco:imagepipeline-okhttp3:1.3.0] AndroidManifest.xml:5:5-7:41
MERGED from [com.facebook.fresco:imagepipeline:1.3.0] AndroidManifest.xml:5:5-7:41
MERGED from [com.facebook.fresco:imagepipeline-base:1.3.0] AndroidManifest.xml:5:5-7:41
MERGED from [com.facebook.fresco:fbcore:1.3.0] AndroidManifest.xml:5:5-7:41
MERGED from [com.facebook.soloader:soloader:0.1.0] AndroidManifest.xml:2:3-70
MERGED from [com.transistorsoft:tsbackgroundfetch:0.2.0] AndroidManifest.xml:7:5-9:41
	android:targetSdkVersion
		INJECTED from src\main\AndroidManifest.xml
		INJECTED from src\main\AndroidManifest.xml
	android:minSdkVersion
		INJECTED from src\main\AndroidManifest.xml
		INJECTED from src\main\AndroidManifest.xml
activity#com.instabug.survey.ui.SurveyActivity
ADDED from [com.instabug.library:instabug-survey:4.15.3] AndroidManifest.xml:12:9-16:58
	android:launchMode
		ADDED from [com.instabug.library:instabug-survey:4.15.3] AndroidManifest.xml:14:13-43
	android:windowSoftInputMode
		ADDED from [com.instabug.library:instabug-survey:4.15.3] AndroidManifest.xml:16:13-55
	android:theme
		ADDED from [com.instabug.library:instabug-survey:4.15.3] AndroidManifest.xml:15:13-63
	android:name
		ADDED from [com.instabug.library:instabug-survey:4.15.3] AndroidManifest.xml:13:13-65
service#com.instabug.survey.network.service.InstabugSurveysSubmitterService
ADDED from [com.instabug.library:instabug-survey:4.15.3] AndroidManifest.xml:18:9-20:72
	android:permission
		ADDED from [com.instabug.library:instabug-survey:4.15.3] AndroidManifest.xml:20:13-69
	android:name
		ADDED from [com.instabug.library:instabug-survey:4.15.3] AndroidManifest.xml:19:13-95
service#com.instabug.crash.network.InstabugCrashesUploaderService
ADDED from [com.instabug.library:instabug-crash:4.15.3] AndroidManifest.xml:12:9-14:72
	android:permission
		ADDED from [com.instabug.library:instabug-crash:4.15.3] AndroidManifest.xml:14:13-69
	android:name
		ADDED from [com.instabug.library:instabug-crash:4.15.3] AndroidManifest.xml:13:13-85
activity#com.instabug.chat.ui.ChatActivity
ADDED from [com.instabug.library:instabug-chat:4.15.3] AndroidManifest.xml:12:9-16:58
	android:launchMode
		ADDED from [com.instabug.library:instabug-chat:4.15.3] AndroidManifest.xml:14:13-43
	android:windowSoftInputMode
		ADDED from [com.instabug.library:instabug-chat:4.15.3] AndroidManifest.xml:16:13-55
	android:theme
		ADDED from [com.instabug.library:instabug-chat:4.15.3] AndroidManifest.xml:15:13-52
	android:name
		ADDED from [com.instabug.library:instabug-chat:4.15.3] AndroidManifest.xml:13:13-61
service#com.instabug.chat.network.InstabugMessageUploaderService
ADDED from [com.instabug.library:instabug-chat:4.15.3] AndroidManifest.xml:18:9-20:72
	android:permission
		ADDED from [com.instabug.library:instabug-chat:4.15.3] AndroidManifest.xml:20:13-69
	android:name
		ADDED from [com.instabug.library:instabug-chat:4.15.3] AndroidManifest.xml:19:13-84
service#com.instabug.chat.network.InstabugPushNotificationTokenService
ADDED from [com.instabug.library:instabug-chat:4.15.3] AndroidManifest.xml:21:9-23:72
	android:permission
		ADDED from [com.instabug.library:instabug-chat:4.15.3] AndroidManifest.xml:23:13-69
	android:name
		ADDED from [com.instabug.library:instabug-chat:4.15.3] AndroidManifest.xml:22:13-90
activity#com.instabug.bug.view.BugReportingActivity
ADDED from [com.instabug.library:instabug-bug:4.15.3] AndroidManifest.xml:15:9-29:20
	android:launchMode
		ADDED from [com.instabug.library:instabug-bug:4.15.3] AndroidManifest.xml:17:13-44
	android:windowSoftInputMode
		ADDED from [com.instabug.library:instabug-bug:4.15.3] AndroidManifest.xml:19:13-55
	android:theme
		ADDED from [com.instabug.library:instabug-bug:4.15.3] AndroidManifest.xml:18:13-52
	android:name
		ADDED from [com.instabug.library:instabug-bug:4.15.3] AndroidManifest.xml:16:13-70
intent-filter#android.intent.action.VIEW+android.intent.category.DEFAULT
ADDED from [com.instabug.library:instabug-bug:4.15.3] AndroidManifest.xml:20:13-28:29
data
ADDED from [com.instabug.library:instabug-bug:4.15.3] AndroidManifest.xml:21:17-23:53
	android:host
		ADDED from [com.instabug.library:instabug-bug:4.15.3] AndroidManifest.xml:22:21-59
	android:scheme
		ADDED from [com.instabug.library:instabug-bug:4.15.3] AndroidManifest.xml:23:21-50
category#android.intent.category.DEFAULT
ADDED from [com.instabug.library:instabug-bug:4.15.3] AndroidManifest.xml:25:17-76
	android:name
		ADDED from [com.instabug.library:instabug-bug:4.15.3] AndroidManifest.xml:25:27-73
action#android.intent.action.VIEW
ADDED from [com.instabug.library:instabug-bug:4.15.3] AndroidManifest.xml:27:17-69
	android:name
		ADDED from [com.instabug.library:instabug-bug:4.15.3] AndroidManifest.xml:27:25-66
service#com.instabug.bug.network.InstabugBugsUploaderService
ADDED from [com.instabug.library:instabug-bug:4.15.3] AndroidManifest.xml:31:9-33:72
	android:permission
		ADDED from [com.instabug.library:instabug-bug:4.15.3] AndroidManifest.xml:33:13-69
	android:name
		ADDED from [com.instabug.library:instabug-bug:4.15.3] AndroidManifest.xml:32:13-80
service#com.instabug.bug.view.actionList.service.ReportCategoriesService
ADDED from [com.instabug.library:instabug-bug:4.15.3] AndroidManifest.xml:34:9-36:72
	android:permission
		ADDED from [com.instabug.library:instabug-bug:4.15.3] AndroidManifest.xml:36:13-69
	android:name
		ADDED from [com.instabug.library:instabug-bug:4.15.3] AndroidManifest.xml:35:13-92
activity#com.instabug.featuresrequest.ui.FeaturesRequestActivity
ADDED from [com.instabug.library:instabug-features-request:4.15.3] AndroidManifest.xml:12:9-16:58
	android:launchMode
		ADDED from [com.instabug.library:instabug-features-request:4.15.3] AndroidManifest.xml:14:13-43
	android:windowSoftInputMode
		ADDED from [com.instabug.library:instabug-features-request:4.15.3] AndroidManifest.xml:16:13-55
	android:theme
		ADDED from [com.instabug.library:instabug-features-request:4.15.3] AndroidManifest.xml:15:13-51
	android:name
		ADDED from [com.instabug.library:instabug-features-request:4.15.3] AndroidManifest.xml:13:13-83
service#com.instabug.featuresrequest.network.service.FeaturesRequestVoteService
ADDED from [com.instabug.library:instabug-features-request:4.15.3] AndroidManifest.xml:18:9-20:72
	android:permission
		ADDED from [com.instabug.library:instabug-features-request:4.15.3] AndroidManifest.xml:20:13-69
	android:name
		ADDED from [com.instabug.library:instabug-features-request:4.15.3] AndroidManifest.xml:19:13-99
service#com.instabug.featuresrequest.network.service.AddNewFeatureUploaderService
ADDED from [com.instabug.library:instabug-features-request:4.15.3] AndroidManifest.xml:21:9-23:72
	android:permission
		ADDED from [com.instabug.library:instabug-features-request:4.15.3] AndroidManifest.xml:23:13-69
	android:name
		ADDED from [com.instabug.library:instabug-features-request:4.15.3] AndroidManifest.xml:22:13-101
uses-permission#android.permission.ACCESS_WIFI_STATE
ADDED from [com.instabug.library:instabug-core:4.15.3] AndroidManifest.xml:12:5-76
	android:name
		ADDED from [com.instabug.library:instabug-core:4.15.3] AndroidManifest.xml:12:22-73
uses-permission#android.permission.RECORD_AUDIO
ADDED from [com.instabug.library:instabug-core:4.15.3] AndroidManifest.xml:13:5-71
	android:name
		ADDED from [com.instabug.library:instabug-core:4.15.3] AndroidManifest.xml:13:22-68
uses-permission#android.permission.MODIFY_AUDIO_SETTINGS
ADDED from [com.instabug.library:instabug-core:4.15.3] AndroidManifest.xml:14:5-80
	android:name
		ADDED from [com.instabug.library:instabug-core:4.15.3] AndroidManifest.xml:14:22-77
uses-permission#android.permission.WAKE_LOCK
ADDED from [com.instabug.library:instabug-core:4.15.3] AndroidManifest.xml:16:5-68
MERGED from [net.gotev:uploadservice:3.2.3] AndroidManifest.xml:14:5-68
MERGED from [haccp:react-native-background-job:unspecified] AndroidManifest.xml:11:5-68
	android:name
		ADDED from [com.instabug.library:instabug-core:4.15.3] AndroidManifest.xml:16:22-65
service#com.instabug.library.network.worker.uploader.InstabugSessionUploaderService
ADDED from [com.instabug.library:instabug-core:4.15.3] AndroidManifest.xml:19:9-21:72
	android:permission
		ADDED from [com.instabug.library:instabug-core:4.15.3] AndroidManifest.xml:21:13-69
	android:name
		ADDED from [com.instabug.library:instabug-core:4.15.3] AndroidManifest.xml:20:13-103
service#com.instabug.library.internal.video.VideoProcessingService
ADDED from [com.instabug.library:instabug-core:4.15.3] AndroidManifest.xml:22:9-24:72
	android:permission
		ADDED from [com.instabug.library:instabug-core:4.15.3] AndroidManifest.xml:24:13-69
	android:name
		ADDED from [com.instabug.library:instabug-core:4.15.3] AndroidManifest.xml:23:13-86
service#com.instabug.library.analytics.network.InstabugAnalyticsUploaderService
ADDED from [com.instabug.library:instabug-core:4.15.3] AndroidManifest.xml:25:9-27:72
	android:permission
		ADDED from [com.instabug.library:instabug-core:4.15.3] AndroidManifest.xml:27:13-69
	android:name
		ADDED from [com.instabug.library:instabug-core:4.15.3] AndroidManifest.xml:26:13-99
activity#com.instabug.library.internal.video.RequestPermissionActivity
ADDED from [com.instabug.library:instabug-core:4.15.3] AndroidManifest.xml:29:9-31:75
	android:theme
		ADDED from [com.instabug.library:instabug-core:4.15.3] AndroidManifest.xml:31:13-72
	android:name
		ADDED from [com.instabug.library:instabug-core:4.15.3] AndroidManifest.xml:30:13-89
activity#com.instabug.library.invocation.invocationdialog.InstabugDialogActivity
ADDED from [com.instabug.library:instabug-core:4.15.3] AndroidManifest.xml:32:9-35:66
	android:launchMode
		ADDED from [com.instabug.library:instabug-core:4.15.3] AndroidManifest.xml:34:13-44
	android:theme
		ADDED from [com.instabug.library:instabug-core:4.15.3] AndroidManifest.xml:35:13-63
	android:name
		ADDED from [com.instabug.library:instabug-core:4.15.3] AndroidManifest.xml:33:13-99
activity#com.instabug.library.ui.onboarding.OnboardingActivity
ADDED from [com.instabug.library:instabug-core:4.15.3] AndroidManifest.xml:36:9-39:66
	android:launchMode
		ADDED from [com.instabug.library:instabug-core:4.15.3] AndroidManifest.xml:38:13-44
	android:theme
		ADDED from [com.instabug.library:instabug-core:4.15.3] AndroidManifest.xml:39:13-63
	android:name
		ADDED from [com.instabug.library:instabug-core:4.15.3] AndroidManifest.xml:37:13-81
service#com.instabug.library.internal.video.AutoScreenRecordingService
ADDED from [com.instabug.library:instabug-core:4.15.3] AndroidManifest.xml:41:9-98
	android:name
		ADDED from [com.instabug.library:instabug-core:4.15.3] AndroidManifest.xml:41:18-95
provider#android.support.v4.content.FileProvider
ADDED from [haccp:react-native-image-picker:unspecified] AndroidManifest.xml:12:9-20:20
	android:authorities
		ADDED from [haccp:react-native-image-picker:unspecified] AndroidManifest.xml:14:13-60
	android:grantUriPermissions
		ADDED from [haccp:react-native-image-picker:unspecified] AndroidManifest.xml:16:13-47
	android:exported
		ADDED from [haccp:react-native-image-picker:unspecified] AndroidManifest.xml:15:13-37
	android:name
		ADDED from [haccp:react-native-image-picker:unspecified] AndroidManifest.xml:13:13-67
meta-data#android.support.FILE_PROVIDER_PATHS
ADDED from [haccp:react-native-image-picker:unspecified] AndroidManifest.xml:17:13-19:58
	android:resource
		ADDED from [haccp:react-native-image-picker:unspecified] AndroidManifest.xml:19:17-55
	android:name
		ADDED from [haccp:react-native-image-picker:unspecified] AndroidManifest.xml:18:17-67
service#net.gotev.uploadservice.UploadService
ADDED from [net.gotev:uploadservice:3.2.3] AndroidManifest.xml:17:9-21:19
	android:enabled
		ADDED from [net.gotev:uploadservice:3.2.3] AndroidManifest.xml:19:13-35
	android:exported
		ADDED from [net.gotev:uploadservice:3.2.3] AndroidManifest.xml:20:13-36
	android:name
		ADDED from [net.gotev:uploadservice:3.2.3] AndroidManifest.xml:18:13-65
receiver#com.learnium.RNDeviceInfo.RNDeviceReceiver
ADDED from [haccp:react-native-device-info:unspecified] AndroidManifest.xml:12:9-19:20
	android:enabled
		ADDED from [haccp:react-native-device-info:unspecified] AndroidManifest.xml:14:13-35
	android:exported
		ADDED from [haccp:react-native-device-info:unspecified] AndroidManifest.xml:15:13-36
	android:name
		ADDED from [haccp:react-native-device-info:unspecified] AndroidManifest.xml:13:13-70
intent-filter#com.android.vending.INSTALL_REFERRER
ADDED from [haccp:react-native-device-info:unspecified] AndroidManifest.xml:16:13-18:29
action#com.android.vending.INSTALL_REFERRER
ADDED from [haccp:react-native-device-info:unspecified] AndroidManifest.xml:17:17-79
	android:name
		ADDED from [haccp:react-native-device-info:unspecified] AndroidManifest.xml:17:25-76
uses-permission#com.google.android.c2dm.permission.RECEIVE
ADDED from [com.google.android.gms:play-services-gcm:15.0.1] AndroidManifest.xml:23:5-82
MERGED from [com.google.android.gms:play-services-iid:15.0.1] AndroidManifest.xml:23:5-82
	android:name
		ADDED from [com.google.android.gms:play-services-gcm:15.0.1] AndroidManifest.xml:23:22-79
activity#com.google.android.gms.common.api.GoogleApiActivity
ADDED from [com.google.android.gms:play-services-base:15.0.1] AndroidManifest.xml:23:9-26:75
	android:exported
		ADDED from [com.google.android.gms:play-services-base:15.0.1] AndroidManifest.xml:25:13-37
	android:theme
		ADDED from [com.google.android.gms:play-services-base:15.0.1] AndroidManifest.xml:26:13-72
	android:name
		ADDED from [com.google.android.gms:play-services-base:15.0.1] AndroidManifest.xml:24:13-79
meta-data#com.google.android.gms.version
ADDED from [com.google.android.gms:play-services-basement:15.0.1] AndroidManifest.xml:23:9-25:69
	android:value
		ADDED from [com.google.android.gms:play-services-basement:15.0.1] AndroidManifest.xml:25:13-66
	android:name
		ADDED from [com.google.android.gms:play-services-basement:15.0.1] AndroidManifest.xml:24:13-58
uses-permission#android.permission.RECEIVE_BOOT_COMPLETED
ADDED from [haccp:react-native-background-job:unspecified] AndroidManifest.xml:12:5-81
MERGED from [com.transistorsoft:tsbackgroundfetch:0.2.0] AndroidManifest.xml:11:5-81
	android:name
		ADDED from [haccp:react-native-background-job:unspecified] AndroidManifest.xml:12:22-78
service#com.pilloxa.backgroundjob.BackgroundJob
ADDED from [haccp:react-native-background-job:unspecified] AndroidManifest.xml:15:9-18:72
	android:exported
		ADDED from [haccp:react-native-background-job:unspecified] AndroidManifest.xml:17:13-36
	android:permission
		ADDED from [haccp:react-native-background-job:unspecified] AndroidManifest.xml:18:13-69
	android:name
		ADDED from [haccp:react-native-background-job:unspecified] AndroidManifest.xml:16:13-67
service#com.pilloxa.backgroundjob.ExactJob
ADDED from [haccp:react-native-background-job:unspecified] AndroidManifest.xml:19:9-21:38
	android:enabled
		ADDED from [haccp:react-native-background-job:unspecified] AndroidManifest.xml:21:13-35
	android:name
		ADDED from [haccp:react-native-background-job:unspecified] AndroidManifest.xml:20:13-62
service#com.pilloxa.backgroundjob.ReactNativeEventStarter$MyHeadlessJsTaskService
ADDED from [haccp:react-native-background-job:unspecified] AndroidManifest.xml:22:9-24:38
	android:enabled
		ADDED from [haccp:react-native-background-job:unspecified] AndroidManifest.xml:24:13-35
	android:name
		ADDED from [haccp:react-native-background-job:unspecified] AndroidManifest.xml:23:13-101
service#com.firebase.jobdispatcher.GooglePlayReceiver
ADDED from [com.firebase:firebase-jobdispatcher:0.7.0] AndroidManifest.xml:32:9-39:19
	android:exported
		ADDED from [com.firebase:firebase-jobdispatcher:0.7.0] AndroidManifest.xml:34:13-36
	android:permission
		ADDED from [com.firebase:firebase-jobdispatcher:0.7.0] AndroidManifest.xml:35:13-93
	android:name
		ADDED from [com.firebase:firebase-jobdispatcher:0.7.0] AndroidManifest.xml:33:13-73
intent-filter#com.google.android.gms.gcm.ACTION_TASK_READY
ADDED from [com.firebase:firebase-jobdispatcher:0.7.0] AndroidManifest.xml:36:13-38:29
action#com.google.android.gms.gcm.ACTION_TASK_READY
ADDED from [com.firebase:firebase-jobdispatcher:0.7.0] AndroidManifest.xml:37:17-87
	android:name
		ADDED from [com.firebase:firebase-jobdispatcher:0.7.0] AndroidManifest.xml:37:25-84
service#com.transistorsoft.rnbackgroundfetch.HeadlessJobService
ADDED from [haccp:react-native-background-fetch:unspecified] AndroidManifest.xml:14:9-17:72
	android:exported
		ADDED from [haccp:react-native-background-fetch:unspecified] AndroidManifest.xml:16:13-36
	android:permission
		ADDED from [haccp:react-native-background-fetch:unspecified] AndroidManifest.xml:17:13-69
	android:name
		ADDED from [haccp:react-native-background-fetch:unspecified] AndroidManifest.xml:15:13-83
receiver#com.transistorsoft.rnbackgroundfetch.HeadlessBroadcastReceiver
ADDED from [haccp:react-native-background-fetch:unspecified] AndroidManifest.xml:19:9-23:20
	android:name
		ADDED from [haccp:react-native-background-fetch:unspecified] AndroidManifest.xml:19:19-96
intent-filter#${applicationId}.event.BACKGROUND_FETCH
ADDED from [haccp:react-native-background-fetch:unspecified] AndroidManifest.xml:20:13-22:29
action#${applicationId}.event.BACKGROUND_FETCH
ADDED from [haccp:react-native-background-fetch:unspecified] AndroidManifest.xml:21:17-82
	android:name
		ADDED from [haccp:react-native-background-fetch:unspecified] AndroidManifest.xml:21:25-79
android:uses-permission#android.permission.READ_PHONE_STATE
IMPLIED from src\main\AndroidManifest.xml:1:1-43:12 reason: org.webkit.android_jsc has a targetSdkVersion < 4
uses-permission#android.permission.GET_TASKS
ADDED from [com.transistorsoft:tsbackgroundfetch:0.2.0] AndroidManifest.xml:12:5-68
	android:name
		ADDED from [com.transistorsoft:tsbackgroundfetch:0.2.0] AndroidManifest.xml:12:22-65
receiver#com.transistorsoft.tsbackgroundfetch.FetchAlarmReceiver